build/outputs/logs/manifest-merger-debug-report.txt
-- Merging decision tree log ---
manifest
ADDED from src/main/AndroidManifest.xml:2:1-113:12
	package
		ADDED from src/main/AndroidManifest.xml:3:11-48
	android:versionName
		ADDED from src/main/AndroidManifest.xml:5:11-36
	android:versionCode
		ADDED from src/main/AndroidManifest.xml:4:11-34
		INJECTED from src/main/AndroidManifest.xml
		INJECTED from src/main/AndroidManifest.xml
	xmlns:android
		ADDED from src/main/AndroidManifest.xml:2:11-69
uses-permission#android.permission.INTERNET
ADDED from src/main/AndroidManifest.xml:17:5-66
MERGED from [:estimote-sdk:] AndroidManifest.xml:15:5-67
	android:name
		ADDED from src/main/AndroidManifest.xml:17:22-64
uses-sdk
ADDED from src/main/AndroidManifest.xml:18:3-71
MERGED from [:estimote-sdk:] AndroidManifest.xml:7:5-43
MERGED from [com.android.support:appcompat-v7:23.1.1] AndroidManifest.xml:20:5-43
MERGED from [com.android.support:support-v4:23.1.1] AndroidManifest.xml:20:5-43
	android:targetSdkVersion
		ADDED from src/main/AndroidManifest.xml:18:40-69
	android:minSdkVersion
		ADDED from src/main/AndroidManifest.xml:18:13-39
		INJECTED from src/main/AndroidManifest.xml
		INJECTED from src/main/AndroidManifest.xml
uses-feature#android.hardware.bluetooth_le
ADDED from src/main/AndroidManifest.xml:21:3-87
MERGED from [:estimote-sdk:] AndroidManifest.xml:18:5-20:36
	android:required
		ADDED from src/main/AndroidManifest.xml:21:62-85
	android:name
		ADDED from src/main/AndroidManifest.xml:21:17-61
application
ADDED from src/main/AndroidManifest.xml:23:3-111:17
MERGED from [:estimote-sdk:] AndroidManifest.xml:22:5-37:19
MERGED from [com.android.support:appcompat-v7:23.1.1] AndroidManifest.xml:22:5-20
MERGED from [com.android.support:support-v4:23.1.1] AndroidManifest.xml:22:5-20
	android:label
		ADDED from src/main/AndroidManifest.xml:25:7-30
	android:theme
		ADDED from src/main/AndroidManifest.xml:26:7-43
	android:name
		ADDED from src/main/AndroidManifest.xml:24:7-39
activity#com.estimote.examples.demos.activities.MainActivity
ADDED from src/main/AndroidManifest.xml:28:5-36:16
	android:screenOrientation
		ADDED from src/main/AndroidManifest.xml:31:9-45
	android:label
		ADDED from src/main/AndroidManifest.xml:30:9-32
	android:name
		ADDED from src/main/AndroidManifest.xml:29:9-48
intent-filter#android.intent.action.MAIN+android.intent.category.LAUNCHER
ADDED from src/main/AndroidManifest.xml:32:7-35:23
action#android.intent.action.MAIN
ADDED from src/main/AndroidManifest.xml:33:9-60
	android:name
		ADDED from src/main/AndroidManifest.xml:33:17-58
category#android.intent.category.LAUNCHER
ADDED from src/main/AndroidManifest.xml:34:9-68
	android:name
		ADDED from src/main/AndroidManifest.xml:34:19-66
activity#com.estimote.examples.demos.activities.DisplayCardActivity
ADDED from src/main/AndroidManifest.xml:38:7-40:49
	android:screenOrientation
		ADDED from src/main/AndroidManifest.xml:40:11-47
	android:label
		ADDED from src/main/AndroidManifest.xml:39:11-39
	android:name
		ADDED from src/main/AndroidManifest.xml:38:17-63
activity#com.estimote.examples.demos.activities.DisplayFromMacActivity
ADDED from src/main/AndroidManifest.xml:42:7-44:55
	android:screenOrientation
		ADDED from src/main/AndroidManifest.xml:44:17-53
	android:label
		ADDED from src/main/AndroidManifest.xml:43:17-47
	android:name
		ADDED from src/main/AndroidManifest.xml:42:17-66
activity#com.estimote.examples.demos.activities.ListBeaconsActivity
ADDED from src/main/AndroidManifest.xml:46:5-49:47
	android:screenOrientation
		ADDED from src/main/AndroidManifest.xml:49:9-45
	android:label
		ADDED from src/main/AndroidManifest.xml:48:9-38
	android:name
		ADDED from src/main/AndroidManifest.xml:47:9-55
activity#com.estimote.examples.demos.activities.ListEddystoneActivity
ADDED from src/main/AndroidManifest.xml:51:5-54:47
	android:screenOrientation
		ADDED from src/main/AndroidManifest.xml:54:9-45
	android:label
		ADDED from src/main/AndroidManifest.xml:53:9-41
	android:name
		ADDED from src/main/AndroidManifest.xml:52:9-57
activity#com.estimote.examples.demos.activities.ListNearablesActivity
ADDED from src/main/AndroidManifest.xml:56:5-59:47
	android:screenOrientation
		ADDED from src/main/AndroidManifest.xml:59:9-45
	android:label
		ADDED from src/main/AndroidManifest.xml:58:9-38
	android:name
		ADDED from src/main/AndroidManifest.xml:57:9-57
activity#com.estimote.examples.demos.activities.DistanceBeaconActivity
ADDED from src/main/AndroidManifest.xml:61:5-63:53
	android:screenOrientation
		ADDED from src/main/AndroidManifest.xml:63:15-51
	android:label
		ADDED from src/main/AndroidManifest.xml:62:15-44
	android:name
		ADDED from src/main/AndroidManifest.xml:61:15-64
activity#com.estimote.examples.demos.activities.NotifyDemoActivity
ADDED from src/main/AndroidManifest.xml:65:5-67:53
	android:screenOrientation
		ADDED from src/main/AndroidManifest.xml:67:15-51
	android:label
		ADDED from src/main/AndroidManifest.xml:66:15-42
	android:name
		ADDED from src/main/AndroidManifest.xml:65:15-60
activity#com.estimote.examples.demos.activities.CharacteristicsDemoActivity
ADDED from src/main/AndroidManifest.xml:69:5-71:53
	android:screenOrientation
		ADDED from src/main/AndroidManifest.xml:71:15-51
	android:label
		ADDED from src/main/AndroidManifest.xml:70:15-51
	android:name
		ADDED from src/main/AndroidManifest.xml:69:15-69
activity#com.estimote.examples.demos.activities.UpdateDemoActivity
ADDED from src/main/AndroidManifest.xml:73:5-75:53
	android:screenOrientation
		ADDED from src/main/AndroidManifest.xml:75:15-51
	android:label
		ADDED from src/main/AndroidManifest.xml:74:15-51
	android:name
		ADDED from src/main/AndroidManifest.xml:73:15-60
activity#com.estimote.examples.demos.activities.EddystoneDemoActivity
ADDED from src/main/AndroidManifest.xml:77:5-79:47
	android:screenOrientation
		ADDED from src/main/AndroidManifest.xml:79:9-45
	android:label
		ADDED from src/main/AndroidManifest.xml:78:9-39
	android:name
		ADDED from src/main/AndroidManifest.xml:77:15-63
activity#com.estimote.examples.demos.activities.NearablesDemoActivity
ADDED from src/main/AndroidManifest.xml:81:5-83:47
	android:screenOrientation
		ADDED from src/main/AndroidManifest.xml:83:9-45
	android:label
		ADDED from src/main/AndroidManifest.xml:82:9-39
	android:name
		ADDED from src/main/AndroidManifest.xml:81:15-63
activity#com.estimote.examples.demos.activities.SensorsActivity
ADDED from src/main/AndroidManifest.xml:85:5-87:47
	android:screenOrientation
		ADDED from src/main/AndroidManifest.xml:87:9-45
	android:label
		ADDED from src/main/AndroidManifest.xml:86:9-37
	android:name
		ADDED from src/main/AndroidManifest.xml:85:15-57
activity#com.estimote.examples.demos.activities.ConfigurableDevicesListActivity
ADDED from src/main/AndroidManifest.xml:89:5-91:47
	android:screenOrientation
		ADDED from src/main/AndroidManifest.xml:91:9-45
	android:label
		ADDED from src/main/AndroidManifest.xml:90:9-50
	android:name
		ADDED from src/main/AndroidManifest.xml:89:15-73
activity#com.estimote.examples.demos.activities.ConfigureDeviceActivity
ADDED from src/main/AndroidManifest.xml:93:5-95:47
	android:screenOrientation
		ADDED from src/main/AndroidManifest.xml:95:9-45
	android:label
		ADDED from src/main/AndroidManifest.xml:94:9-46
	android:name
		ADDED from src/main/AndroidManifest.xml:93:15-65
activity#com.estimote.examples.demos.activities.InfoCard
ADDED from src/main/AndroidManifest.xml:97:7-99:49
	android:screenOrientation
		ADDED from src/main/AndroidManifest.xml:99:11-47
	android:label
		ADDED from src/main/AndroidManifest.xml:98:11-36
	android:name
		ADDED from src/main/AndroidManifest.xml:97:17-52
activity#com.estimote.examples.demos.activities.DisplayFromMacActivityContinuous
ADDED from src/main/AndroidManifest.xml:101:7-103:49
	android:screenOrientation
		ADDED from src/main/AndroidManifest.xml:103:11-47
	android:label
		ADDED from src/main/AndroidManifest.xml:102:11-62
	android:name
		ADDED from src/main/AndroidManifest.xml:101:17-76
uses-permission#android.permission.BLUETOOTH
ADDED from [:estimote-sdk:] AndroidManifest.xml:10:5-68
	android:name
		ADDED from [:estimote-sdk:] AndroidManifest.xml:10:22-65
uses-permission#android.permission.BLUETOOTH_ADMIN
ADDED from [:estimote-sdk:] AndroidManifest.xml:11:5-74
	android:name
		ADDED from [:estimote-sdk:] AndroidManifest.xml:11:22-71
uses-permission-sdk-23
ADDED from [:estimote-sdk:] AndroidManifest.xml:13:5-88
	android:name
		ADDED from [:estimote-sdk:] AndroidManifest.xml:13:29-85
uses-permission#android.permission.ACCESS_NETWORK_STATE
ADDED from [:estimote-sdk:] AndroidManifest.xml:16:5-79
	android:name
		ADDED from [:estimote-sdk:] AndroidManifest.xml:16:22-76
service#com.estimote.sdk.service.BeaconService
ADDED from [:estimote-sdk:] AndroidManifest.xml:23:9-25:40
	android:exported
		ADDED from [:estimote-sdk:] AndroidManifest.xml:25:13-37
	android:name
		ADDED from [:estimote-sdk:] AndroidManifest.xml:24:13-66
service#com.estimote.sdk.repackaged.dfu_v0_6_1.no.nordicsemi.android.dfu.DfuBaseService
ADDED from [:estimote-sdk:] AndroidManifest.xml:26:9-115
	android:name
		ADDED from [:estimote-sdk:] AndroidManifest.xml:26:18-112
activity#com.estimote.sdk.DefaultRequirementsCheckerCallback$Activity
ADDED from [:estimote-sdk:] AndroidManifest.xml:28:9-30:56
	android:theme
		ADDED from [:estimote-sdk:] AndroidManifest.xml:30:13-53
	android:name
		ADDED from [:estimote-sdk:] AndroidManifest.xml:29:13-88
receiver#com.estimote.sdk.service.BeaconService$ScanAlarmBroadcastReceiver
ADDED from [:estimote-sdk:] AndroidManifest.xml:32:9-102
	android:name
		ADDED from [:estimote-sdk:] AndroidManifest.xml:32:19-99
service#com.estimote.sdk.connection.internal.DeviceConnectionProviderService
ADDED from [:estimote-sdk:] AndroidManifest.xml:34:9-36:40
	android:exported
		ADDED from [:estimote-sdk:] AndroidManifest.xml:36:13-37
	android:name
		ADDED from [:estimote-sdk:] AndroidManifest.xml:35:13-96